<?xml version="1.0" encoding="UTF-8"?>
<beans xmlns="http://www.springframework.org/schema/beans"
        xmlns:xsi="http://www.w3.org/2001/XMLSchema-instance"
        xsi:schemaLocation="http://www.springframework.org/schema/beans
		http://www.springframework.org/schema/beans/spring-beans.xsd">

    <bean id="ExampleExtensionsGetInfoWebScript"
            class="eu.xenit.alfresco.healthprocessor.example.ExampleExtensionsGetInfoWebScript"
            parent="webscript">
        <constructor-arg name="plugin" ref="eu.xenit.alfresco.healthprocessor.example.ExampleHealthProcessorPlugin"/>
    </bean>

</beans>
